<?xml version="1.0" encoding="UTF-8"?>

<!-- 
/*
 * Copyright (c) 2013, EMC Corporation ("EMC"). 
 *
 * Permission is hereby granted, free of charge, to any person obtaining a copy of this software and associated documentation files (the "Software"), 
 * to deal in the Software without restriction, including without limitation the rights to use, copy, modify, merge, publish, distribute, sublicense, 
 * and/or sell copies of the Software, and to permit persons to whom the Software is furnished to do so, subject to the following conditions:
 *
 * The above copyright notice and this permission notice shall be included in all copies or substantial portions of the Software.
 *
 * THE SOFTWARE IS PROVIDED "AS IS", WITHOUT WARRANTY OF ANY KIND, EXPRESS OR IMPLIED, INCLUDING BUT NOT LIMITED TO THE WARRANTIES OF MERCHANTABILITY, 
 * FITNESS FOR A PARTICULAR PURPOSE AND NONINFRINGEMENT. IN NO EVENT SHALL THE AUTHORS OR COPYRIGHT HOLDERS BE LIABLE FOR ANY CLAIM, DAMAGES OR OTHER 
 * LIABILITY, WHETHER IN AN ACTION OF CONTRACT, TORT OR OTHERWISE, ARISING FROM, OUT OF OR IN CONNECTION WITH THE SOFTWARE OR THE USE OR OTHER DEALINGS 
 * IN THE SOFTWARE.
 * 
*/

/*	
 *  @author Vijayanand Bharadwaj
 *	@author John P. Field
*/	
 -->
 
<iodef-rid:RID lang="en"
	xmlns:xsi="http://www.w3.org/2001/XMLSchema-instance" 
	xmlns:iodef-rid="urn:ietf:params:xml:ns:iodef-rid-2.0"
	xmlns:iodef="urn:ietf:params:xml:ns:iodef-1.0" 
	xsi:schemaLocation="urn:ietf:params:xml:ns:iodef-rid-2.0 ..\iodef-rid-2.0.xsd">
	<iodef-rid:RIDPolicy MsgDestination="RIDSystem"
		MsgType="Report">
		<iodef-rid:PolicyRegion region="PeerToPeer" />
		<iodef:Node>
			<iodef:Address category="ipv4-addr">192.0.2.3</iodef:Address>
		</iodef:Node>
		<iodef-rid:TrafficType type="Attack" />
		<iodef:IncidentID name="bad message schema">
			CERT-FOR-OUR-DOMAIN#2012-10-29
		</iodef:IncidentID>
	</iodef-rid:RIDPolicy>
	<!--  the following line will violate the schema -->
	<!--  <iodef:bar>foo</iodef:bar>   -->
</iodef-rid:RID>